<?xml version="1.0" encoding="UTF-8"?>
<testsuite name="com.ratest.cucumber.StudentRunner" time="1.067" tests="10" errors="0" skipped="0" failures="0">
  <properties>
    <property name="java.runtime.name" value="Java(TM) SE Runtime Environment"/>
    <property name="sun.boot.library.path" value="C:\Program Files\Java\jdk1.8.0_144\jre\bin"/>
    <property name="java.vm.version" value="25.144-b01"/>
    <property name="java.vm.vendor" value="Oracle Corporation"/>
    <property name="maven.multiModuleProjectDirectory" value="C:\Users\dinesh.kotha\Documents\GitHub\RestAssured"/>
    <property name="java.vendor.url" value="http://java.oracle.com/"/>
    <property name="path.separator" value=";"/>
    <property name="guice.disable.misplaced.annotation.check" value="true"/>
    <property name="java.vm.name" value="Java HotSpot(TM) 64-Bit Server VM"/>
    <property name="file.encoding.pkg" value="sun.io"/>
    <property name="user.script" value=""/>
    <property name="user.country" value="GB"/>
    <property name="sun.java.launcher" value="SUN_STANDARD"/>
    <property name="sun.os.patch.level" value=""/>
    <property name="java.vm.specification.name" value="Java Virtual Machine Specification"/>
    <property name="user.dir" value="C:\Users\dinesh.kotha\Documents\GitHub\RestAssured"/>
    <property name="java.runtime.version" value="1.8.0_144-b01"/>
    <property name="java.awt.graphicsenv" value="sun.awt.Win32GraphicsEnvironment"/>
    <property name="java.endorsed.dirs" value="C:\Program Files\Java\jdk1.8.0_144\jre\lib\endorsed"/>
    <property name="os.arch" value="amd64"/>
    <property name="java.io.tmpdir" value="C:\Users\DINESH~1.KOT\AppData\Local\Temp\"/>
    <property name="line.separator" value="&#10;"/>
    <property name="java.vm.specification.vendor" value="Oracle Corporation"/>
    <property name="user.variant" value=""/>
    <property name="os.name" value="Windows 10"/>
    <property name="classworlds.conf" value="C:\Users\dinesh.kotha\eclipse-workspace\.metadata\.plugins\org.eclipse.m2e.launching\launches\m2conf1199726897246249115.tmp"/>
    <property name="sun.jnu.encoding" value="Cp1252"/>
    <property name="java.library.path" value="C:\Program Files\Java\jdk1.8.0_144\bin;C:\WINDOWS\Sun\Java\bin;C:\WINDOWS\system32;C:\WINDOWS;C:/Program Files/Java/jre1.8.0_144/bin/server;C:/Program Files/Java/jre1.8.0_144/bin;C:/Program Files/Java/jre1.8.0_144/lib/amd64;C:\app\client\dinesh.kotha\product\12.1.0\client_1\bin;C:\app\dinesh.kotha\product\12.1.0\dbhome_1\bin;C:\ProgramData\Oracle\Java\javapath;C:\WINDOWS\system32;C:\WINDOWS;C:\WINDOWS\System32\Wbem;C:\WINDOWS\System32\WindowsPowerShell\v1.0\;c:\Program Files (x86)\Microsoft SQL Server\100\Tools\Binn\;c:\Program Files\Microsoft SQL Server\100\Tools\Binn\;c:\Program Files\Microsoft SQL Server\100\DTS\Binn\;C:\Program Files (x86)\Windows Kits\10\Windows Performance Toolkit\;c:\Program Files (x86)\Microsoft ASP.NET\ASP.NET Web Pages\v1.0\;C:\Program Files\Microsoft SQL Server\120\Tools\Binn\;C:\Program Files\Microsoft SQL Server\130\Tools\Binn\;C:\Program Files\dotnet\;C:\Program Files\Microsoft\Web Platform Installer\;C:\Program Files\Microsoft Service Fabric\bin\Fabric\Fabric.Code;C:\Program Files\Microsoft SDKs\Service Fabric\Tools\ServiceFabricLocalClusterManager;C:\Program Files\Java\jdk1.8.0_144\bin;C:\apache-maven-3.5.0\bin;C:\Users\dinesh.kotha\AppData\Local\Programs\Fiddler;C:\WINDOWS\System32;;."/>
    <property name="java.specification.name" value="Java Platform API Specification"/>
    <property name="java.class.version" value="52.0"/>
    <property name="sun.management.compiler" value="HotSpot 64-Bit Tiered Compilers"/>
    <property name="os.version" value="10.0"/>
    <property name="user.home" value="C:\Users\dinesh.kotha"/>
    <property name="user.timezone" value="Europe/London"/>
    <property name="java.awt.printerjob" value="sun.awt.windows.WPrinterJob"/>
    <property name="java.specification.version" value="1.8"/>
    <property name="file.encoding" value="Cp1252"/>
    <property name="user.name" value="dinesh.kotha"/>
    <property name="java.class.path" value="/C:/Users/dinesh.kotha/eclipse/java-oxygen/eclipse/../../../.p2/pool/plugins/org.eclipse.m2e.maven.runtime_1.8.0.20170516-2042/jars/plexus-classworlds-2.5.2.jar"/>
    <property name="java.vm.specification.version" value="1.8"/>
    <property name="sun.arch.data.model" value="64"/>
    <property name="java.home" value="C:\Program Files\Java\jdk1.8.0_144\jre"/>
    <property name="sun.java.command" value="org.codehaus.plexus.classworlds.launcher.Launcher -B clean verify serenity:aggregate"/>
    <property name="java.specification.vendor" value="Oracle Corporation"/>
    <property name="user.language" value="en"/>
    <property name="awt.toolkit" value="sun.awt.windows.WToolkit"/>
    <property name="java.vm.info" value="mixed mode"/>
    <property name="java.version" value="1.8.0_144"/>
    <property name="java.ext.dirs" value="C:\Program Files\Java\jdk1.8.0_144\jre\lib\ext;C:\WINDOWS\Sun\Java\lib\ext"/>
    <property name="sun.boot.class.path" value="C:\Program Files\Java\jdk1.8.0_144\jre\lib\resources.jar;C:\Program Files\Java\jdk1.8.0_144\jre\lib\rt.jar;C:\Program Files\Java\jdk1.8.0_144\jre\lib\sunrsasign.jar;C:\Program Files\Java\jdk1.8.0_144\jre\lib\jsse.jar;C:\Program Files\Java\jdk1.8.0_144\jre\lib\jce.jar;C:\Program Files\Java\jdk1.8.0_144\jre\lib\charsets.jar;C:\Program Files\Java\jdk1.8.0_144\jre\lib\jfr.jar;C:\Program Files\Java\jdk1.8.0_144\jre\classes"/>
    <property name="java.vendor" value="Oracle Corporation"/>
    <property name="maven.home" value="C:\Users\dinesh.kotha\Documents\GitHub\RestAssured\EMBEDDED"/>
    <property name="file.separator" value="\"/>
    <property name="java.vendor.url.bug" value="http://bugreport.sun.com/bugreport/"/>
    <property name="sun.cpu.endian" value="little"/>
    <property name="sun.io.unicode.encoding" value="UnicodeLittle"/>
    <property name="sun.desktop" value="windows"/>
    <property name="sun.cpu.isalist" value="amd64"/>
  </properties>
  <testcase name="Given User sends a GET request to the list endpoint,they must get back a valid status code 200" classname="Scenario: Check if the student application can be accessed by users" time="0.002"/>
  <testcase name="Given User sends a GET request to the list endpoint,they must get back a valid status code 200" classname="Scenario: Check if the student application can be accessed by users" time="0"/>
  <testcase name="Scenario: Check if the student application can be accessed by users" classname="Scenario: Check if the student application can be accessed by users" time="0.974"/>
  <testcase name="Scenario: Check if the student application can be accessed by users" classname="Scenario: Check if the student application can be accessed by users" time="0.038"/>
  <testcase name="When I create a new student by providing the information firstName Declan lastName Smith email nnon.ante.bibendum@risusDonecegestas.edu programme Computer Science courses Java" classname="| Declan | Smith | nnon.ante.bibendum@risusDonecegestas.edu | Computer Science | Java |" time="0"/>
  <testcase name="Then I verify that the student with Declan is created" classname="| Declan | Smith | nnon.ante.bibendum@risusDonecegestas.edu | Computer Science | Java |" time="0"/>
  <testcase name="| Declan | Smith | nnon.ante.bibendum@risusDonecegestas.edu | Computer Science | Java |" classname="| Declan | Smith | nnon.ante.bibendum@risusDonecegestas.edu | Computer Science | Java |" time="0.002"/>
  <testcase name="When I create a new student by providing the information firstName Mark lastName Taylor email nnon2.ante.bibendum@risusDonecegestas.edu programme Computer Science courses Java" classname="| Mark | Taylor | nnon2.ante.bibendum@risusDonecegestas.edu | Computer Science | Java |" time="0"/>
  <testcase name="Then I verify that the student with Mark is created" classname="| Mark | Taylor | nnon2.ante.bibendum@risusDonecegestas.edu | Computer Science | Java |" time="0.004"/>
  <testcase name="| Mark | Taylor | nnon2.ante.bibendum@risusDonecegestas.edu | Computer Science | Java |" classname="| Mark | Taylor | nnon2.ante.bibendum@risusDonecegestas.edu | Computer Science | Java |" time="0.085"/>
</testsuite>